Arguments: 
  /usr/local/bin/node /usr/sbin/yarn add @types/node @types/webgpu

PATH: 
  /home/gloria/.pyenv/shims:/shims:/shims:/usr/local/sbin:/usr/local/bin:/usr/sbin:/usr/bin:/sbin:/bin:/usr/games:/usr/local/games:/usr/lib/wsl/lib:/home/gloria/.dotnet/tools:/opt/flutter/bin:/usr/lib/jvm/default/bin:/usr/bin/site_perl:/usr/bin/vendor_perl:/usr/bin/core_perl:/usr/lib/rustup/bin:/go/bin:/usr/lib/go/bin:/mbin:/go/bin:/usr/lib/go/bin:/mbin:/go/bin:/usr/lib/go/bin:/home/gloria/.local/bin:/usr/lib/wsl/lib:/home/gloria/.ghcup/bin:/mnt/d/Program Files/Microsoft/Microsoft VS Code Insiders/bin/:/mnt/d/Program Files/Microsoft/Microsoft VS Code/bin/:/home/gloria/.yarn/bin/:/home/gloria/.local/share/nvim/plugged/vim-floaterm/bin/:/go/bin:/usr/lib/go/bin:/mbin:/go/bin:/usr/lib/go/bin:/mbin:/go/bin:/usr/lib/go/bin:/home/gloria/.local/bin:/usr/lib/wsl/lib:/home/gloria/.ghcup/bin:/mnt/d/Program Files/Microsoft/Microsoft VS Code Insiders/bin/:/mnt/d/Program Files/Microsoft/Microsoft VS Code/bin/:/home/gloria/.yarn/bin/

Yarn version: 
  1.22.19

Node version: 
  18.14.2

Platform: 
  linux x64

Trace: 
  Error: https://registry.npm.taobao.org/@types%2fwebgpu: Not found
      at params.callback [as _callback] (/usr/lib/node_modules/yarn/lib/cli.js:66145:18)
      at self.callback (/usr/lib/node_modules/yarn/lib/cli.js:140890:22)
      at Request.emit (node:events:513:28)
      at Request.<anonymous> (/usr/lib/node_modules/yarn/lib/cli.js:141862:10)
      at Request.emit (node:events:513:28)
      at IncomingMessage.<anonymous> (/usr/lib/node_modules/yarn/lib/cli.js:141784:12)
      at Object.onceWrapper (node:events:627:28)
      at IncomingMessage.emit (node:events:525:35)
      at endReadableNT (node:internal/streams/readable:1359:12)
      at process.processTicksAndRejections (node:internal/process/task_queues:82:21)

npm manifest: 
  {
    "name": "webgpu",
    "version": "1.0.0",
    "main": "index.js",
    "license": "MIT"
  }

yarn manifest: 
  No manifest

Lockfile: 
  No lockfile
