Arguments: 
  C:\Program Files\nodejs\node.exe C:\Users\longyuan\AppData\Roaming\npm\node_modules\yarn\bin\yarn.js

PATH: 
  C:\Program Files\PowerShell\7;C:\Program Files\Microsoft\jdk-11.0.16.101-hotspot\bin;C:\Program Files\Microsoft VS Code\bin;C:\Users\longyuan\xmake;C:\Program Files (x86)\GnuWin32\bin;C:\WINDOWS;C:\WINDOWS\System32\Wbem;C:\WINDOWS\System32\WindowsPowerShell\v1.0\;C:\WINDOWS\System32\OpenSSH\;G:\Chocolatey\bin;C:\Users\longyuan\program\p4\;C:\Program Files\PowerShell\7\;C:\Program Files\nodejs\;C:\Program Files\Git\bin;C:\WINDOWS\system32;C:\Program Files (x86)\ZeroTier\One\;C:\Program Files\CMake\bin;G:\vcpkg;C:\Program Files\Docker\Docker\resources\bin;g:\program\LLVM\bin;C:\Program Files\Go\bin;g:\msys64;C:\tmp\kubo;C:\Program Files\dotnet\;C:\ProgramData\Miniconda2\Scripts;C:\Users\longyuan\.pyenv\pyenv-win\bin;C:\Users\longyuan\.pyenv\pyenv-win\shims;C:\Users\longyuan\xmake;C:\Users\longyuan\AppData\Local\Microsoft\WindowsApps;C:\Users\longyuan\AppData\Roaming\npm;G:\Chocolatey\bin;G:\Chocolatey\tools\neovim\nvim-win64\bin;g:\program\JetBrains\CLion 2022.3.1\bin;;g:\program\Microsoft VS Code Insiders\bin;G:\Chocolatey\lib\mingw\tools\;C:\Program Files (x86)\Bito\;C:\Users\longyuan\.cargo\bin;G:\Chocolatey\lib\mingw\tools\install\mingw64\bin;C:\Users\longyuan\go\bin;C:\Users\longyuan\.dotnet\tools;C:\Users\longyuan\AppData\Local\JetBrains\Toolbox\scripts

Yarn version: 
  1.22.19

Node version: 
  19.2.0

Platform: 
  win32 x64

Trace: 
  SyntaxError: C:\Users\longyuan\toys\web\browser\package.json: Expected property name or '}' in JSON at position 113
      at JSON.parse (<anonymous>)
      at C:\Users\longyuan\AppData\Roaming\npm\node_modules\yarn\lib\cli.js:1629:59
      at Generator.next (<anonymous>)
      at step (C:\Users\longyuan\AppData\Roaming\npm\node_modules\yarn\lib\cli.js:310:30)
      at C:\Users\longyuan\AppData\Roaming\npm\node_modules\yarn\lib\cli.js:321:13

npm manifest: 
  {
    "name": "browser",
    "version": "1.0.0",
    "description": "",
    "main": "build/index.js",
    "scripts": {
      // "d": "tsc; node build/index.js",
      "test": "echo \"Error: no test specified\" && exit 1"
    },
    "keywords": [],
    "author": "",
    "license": "ISC"
  }

yarn manifest: 
  No manifest

Lockfile: 
  # THIS IS AN AUTOGENERATED FILE. DO NOT EDIT THIS FILE DIRECTLY.
  # yarn lockfile v1
