Arguments: 
  /usr/local/bin/node /usr/sbin/yarn init

PATH: 
  /home/gloria/.pyenv/shims:/shims:/home/gloria/.vscode-server-insiders/bin/96a795cc0b1cd62f9ff66c347637f917c6dde3da/bin/remote-cli:/shims:/usr/local/sbin:/usr/local/bin:/usr/sbin:/usr/bin:/sbin:/bin:/usr/games:/usr/local/games:/usr/lib/wsl/lib:/opt/cuda/bin:/opt/cuda/nsight_compute:/opt/cuda/nsight_systems/bin:/home/gloria/.dotnet/tools:/usr/lib/jvm/default/bin:/usr/bin/site_perl:/usr/bin/vendor_perl:/usr/bin/core_perl:/go/bin:/usr/lib/go/bin:/mbin:/go/bin:/usr/lib/go/bin:/mbin:/go/bin:/usr/lib/go/bin:/home/gloria/.local/bin:/usr/lib/wsl/lib:/home/gloria/.ghcup/bin:/mnt/d/Program Files/Microsoft/Microsoft VS Code Insiders/bin/:/mnt/d/Program Files/Microsoft/Microsoft VS Code/bin/:/home/gloria/.yarn/bin/:/go/bin:/usr/lib/go/bin:/mbin:/go/bin:/usr/lib/go/bin:/mbin:/go/bin:/usr/lib/go/bin:/home/gloria/.local/bin:/usr/lib/wsl/lib:/home/gloria/.ghcup/bin:/mnt/d/Program Files/Microsoft/Microsoft VS Code Insiders/bin/:/mnt/d/Program Files/Microsoft/Microsoft VS Code/bin/:/home/gloria/.yarn/bin/

Yarn version: 
  1.22.19

Node version: 
  18.14.2

Platform: 
  linux x64

Trace: 
  Error: canceled
      at Interface.<anonymous> (/usr/lib/node_modules/yarn/lib/cli.js:137150:13)
      at Interface.emit (node:events:513:28)
      at [_ttyWrite] [as _ttyWrite] (node:internal/readline/interface:1130:18)
      at ReadStream.onkeypress (node:internal/readline/interface:270:20)
      at ReadStream.emit (node:events:513:28)
      at emitKeys (node:internal/readline/utils:357:14)
      at emitKeys.next (<anonymous>)
      at ReadStream.onData (node:internal/readline/emitKeypressEvents:64:36)
      at ReadStream.emit (node:events:513:28)
      at addChunk (node:internal/streams/readable:324:12)

npm manifest: 
  No manifest

yarn manifest: 
  No manifest

Lockfile: 
  # THIS IS AN AUTOGENERATED FILE. DO NOT EDIT THIS FILE DIRECTLY.
  # yarn lockfile v1
